2021-04-01 18:31:40,641 WARN  [SoapUI] Missing folder [C:\APITesting\TradingCertificateTesting\ext] for external libraries
2021-04-01 18:31:41,069 INFO  [DefaultSoapUICore] initialized soapui-settings from [C:\Users\Suraj khole\soapui-settings.xml]
2021-04-01 18:31:41,493 INFO  [PluginManager] 0 plugins loaded in 3 ms
2021-04-01 18:31:41,494 INFO  [DefaultSoapUICore] All plugins loaded
2021-04-01 18:31:46,634 INFO  [WsdlProject] Loaded project from [file:/C:/APITesting/TradingCertificateTesting/TC-API-soapui-project.xml]
2021-04-01 18:31:46,658 INFO  [SoapUITestCaseRunner] Running SoapUI tests in project [TC_API]
2021-04-01 18:31:46,660 INFO  [SoapUITestCaseRunner] Running Project [TC_API], runType = SEQUENTIAL
2021-04-01 18:31:46,700 INFO  [SoapUITestCaseRunner] Running SoapUI testcase [TC_POST_TradingCertificateByTradingCertificateIDByGenerateDraftDocument]
2021-04-01 18:31:46,710 INFO  [SoapUITestCaseRunner] running step [TradCertByTradCertIDByGenDraftDoc]
2021-04-01 18:31:49,985 WARN  [HttpClientSupport$SoapUIHttpClient] Authentication error: Unable to respond to any of these challenges: {bearer=WWW-Authenticate: Bearer error="invalid_token", error_description="The token expired at '03/30/2021 12:09:46'"}
2021-04-01 18:31:50,025 INFO  [SoapUITestCaseRunner] running step [TradingCertificateByTradingCertificateIDByGenerateDraftDocument]
2021-04-01 18:31:52,424 ERROR [SoapUI] An error occurred [No match found], see error log for details
2021-04-01 18:31:52,426 ERROR [errorlog] cannot get error line number!
2021-04-01 18:31:52,429 ERROR [errorlog] java.lang.IllegalStateException: No match found
java.lang.IllegalStateException: No match found
	at java.util.regex.Matcher.group(Matcher.java:536)
	at com.eviware.soapui.support.GroovyUtils.extractErrorLineNumber(GroovyUtils.java:128)
	at com.eviware.soapui.impl.wsdl.teststeps.WsdlGroovyScriptTestStep.run(WsdlGroovyScriptTestStep.java:163)
	at com.eviware.soapui.impl.wsdl.support.AbstractTestCaseRunner.runTestStep(AbstractTestCaseRunner.java:211)
	at com.eviware.soapui.impl.wsdl.testcase.WsdlTestCaseRunner.runCurrentTestStep(WsdlTestCaseRunner.java:47)
	at com.eviware.soapui.impl.wsdl.support.AbstractTestCaseRunner.internalRun(AbstractTestCaseRunner.java:138)
	at com.eviware.soapui.impl.wsdl.support.AbstractTestCaseRunner.internalRun(AbstractTestCaseRunner.java:46)
	at com.eviware.soapui.impl.wsdl.support.AbstractTestRunner.run(AbstractTestRunner.java:128)
	at java.util.concurrent.Executors$RunnableAdapter.call(Executors.java:511)
	at java.util.concurrent.FutureTask.run(FutureTask.java:266)
	at java.util.concurrent.ThreadPoolExecutor.runWorker(ThreadPoolExecutor.java:1142)
	at java.util.concurrent.ThreadPoolExecutor$Worker.run(ThreadPoolExecutor.java:617)
	at java.lang.Thread.run(Thread.java:745)
2021-04-01 18:31:52,553 ERROR [SoapUI] An error occurred [org.codehaus.groovy.ast.ModuleNode.getStarImports()Ljava/util/List;], see error log for details
2021-04-01 18:31:52,555 ERROR [errorlog] java.lang.NoSuchMethodError: org.codehaus.groovy.ast.ModuleNode.getStarImports()Ljava/util/List;
java.lang.NoSuchMethodError: org.codehaus.groovy.ast.ModuleNode.getStarImports()Ljava/util/List;
	at org.codehaus.groovy.ast.builder.AstBuilderTransformation.visit(AstBuilderTransformation.java:57)
	at org.codehaus.groovy.transform.ASTTransformationVisitor$3.call(ASTTransformationVisitor.java:268)
	at org.codehaus.groovy.control.CompilationUnit.applyToSourceUnits(CompilationUnit.java:801)
	at org.codehaus.groovy.control.CompilationUnit.compile(CompilationUnit.java:466)
	at groovy.lang.GroovyClassLoader.parseClass(GroovyClassLoader.java:281)
	at groovy.lang.GroovyShell.parseClass(GroovyShell.java:590)
	at groovy.lang.GroovyShell.parse(GroovyShell.java:602)
	at groovy.lang.GroovyShell.parse(GroovyShell.java:582)
	at groovy.lang.GroovyShell.parse(GroovyShell.java:621)
	at com.eviware.soapui.support.scripting.groovy.SoapUIGroovyScriptEngine.compile(SoapUIGroovyScriptEngine.java:136)
	at com.eviware.soapui.support.scripting.groovy.SoapUIGroovyScriptEngine.run(SoapUIGroovyScriptEngine.java:87)
	at com.eviware.soapui.impl.wsdl.teststeps.WsdlGroovyScriptTestStep.run(WsdlGroovyScriptTestStep.java:141)
	at com.eviware.soapui.impl.wsdl.support.AbstractTestCaseRunner.runTestStep(AbstractTestCaseRunner.java:211)
	at com.eviware.soapui.impl.wsdl.testcase.WsdlTestCaseRunner.runCurrentTestStep(WsdlTestCaseRunner.java:47)
	at com.eviware.soapui.impl.wsdl.support.AbstractTestCaseRunner.internalRun(AbstractTestCaseRunner.java:138)
	at com.eviware.soapui.impl.wsdl.support.AbstractTestCaseRunner.internalRun(AbstractTestCaseRunner.java:46)
	at com.eviware.soapui.impl.wsdl.support.AbstractTestRunner.run(AbstractTestRunner.java:128)
	at java.util.concurrent.Executors$RunnableAdapter.call(Executors.java:511)
	at java.util.concurrent.FutureTask.run(FutureTask.java:266)
	at java.util.concurrent.ThreadPoolExecutor.runWorker(ThreadPoolExecutor.java:1142)
	at java.util.concurrent.ThreadPoolExecutor$Worker.run(ThreadPoolExecutor.java:617)
	at java.lang.Thread.run(Thread.java:745)
2021-04-01 18:31:52,859 ERROR [SoapUITestCaseRunner] TradingCertificateByTradingCertificateIDByGenerateDraftDocument failed, exporting to [C:\APITesting\TradingCertificateTesting\Result\logs\TestSuite-TC_POST_TradingCertificateByTradingCertificateIDByGenerateDraftDocument-TradingCertificateByTradingCertificateIDByGenerateDraftDocument-0-FAILED.txt]
2021-04-01 18:31:52,899 INFO  [SoapUITestCaseRunner] Finished running SoapUI testcase [TC_POST_TradingCertificateByTradingCertificateIDByGenerateDraftDocument], time taken: 5981ms, status: FAILED
2021-04-01 18:31:52,905 INFO  [SoapUITestCaseRunner] Project [TC_API] finished with status [FAILED] in 6240ms
