Status: FAILED
Time Taken: 734
Size: 0
Timestamp: Mon Sep 06 12:02:42 IST 2021
TestStep: Groovy Script
Error:java.io.FileNotFoundException: C:\APITesting\Renewals\Config\tc_Token.csv (The system cannot find the file specified)

----------------- Messages ------------------------------
java.io.FileNotFoundException: C:\APITesting\Renewals\Config\tc_Token.csv (The system cannot find the file specified)
error at line: 21
