Status: FAILED
Time Taken: 6091
Size: 0
Timestamp: Thu Aug 26 17:36:03 IST 2021
TestStep: QuoteBind
Error:java.lang.IllegalArgumentException: Text must not be null

----------------- Messages ------------------------------
java.lang.IllegalArgumentException: Text must not be null
error at line: 129
