Status: FAILED
Time Taken: 3105
Size: 0
Timestamp: Mon Feb 15 19:18:41 IST 2021
TestStep: ReferenceBySignatoryStateByTradingCertTypeId
Error:groovy.lang.MissingPropertyException: No such property: db_size for class: Script1

----------------- Messages ------------------------------
groovy.lang.MissingPropertyException: No such property: db_size for class: Script1
error at line: 93
