<?xml version="1.0" encoding="UTF-8"?>
<testsuite name="TC_API_Final.TS" tests="20" failures="19" errors="0" time="120.096"><properties>
[...]
</properties><testcase name="Driver_Script" time="3.246"/><testcase name="TC_GET_ReferenceByTCGroup" time="5.19"><failure type="Cancelling due to failed test step" message="Cancelling due to failed test step"><![CDATA[<h3><b>ReferenceByTradingCertificateGroups Failed</b></h3><pre>com.microsoft.sqlserver.jdbc.SQLServerException: Cannot open server 'tradingcertificate-db-server' requested by the login. Client with IP address '103.221.74.188' is not allowed to access the server.  To enable access, use the Windows Azure Management Portal or run sp_set_firewall_rule on the master database to create a firewall rule for this IP address or address range.  It may take up to five minutes for this change to take effect. ClientConnectionId:0e8c1c68-26c3-4fc6-ad09-90a06473a6df
error at line: 86
</pre><hr/>]]></failure></testcase><testcase name="TC_GET_ReferenceByTradingCertificateTypes" time="6.171"><failure type="Cancelling due to failed test step" message="Cancelling due to failed test step"><![CDATA[<h3><b>ReferenceByTradingCertificateTypes Failed</b></h3><pre>com.microsoft.sqlserver.jdbc.SQLServerException: Cannot open server 'tradingcertificate-db-server' requested by the login. Client with IP address '103.221.74.188' is not allowed to access the server.  To enable access, use the Windows Azure Management Portal or run sp_set_firewall_rule on the master database to create a firewall rule for this IP address or address range.  It may take up to five minutes for this change to take effect. ClientConnectionId:78719c3d-fb71-4439-89d4-6bb820784450
error at line: 86
</pre><hr/>]]></failure></testcase><testcase name="TC_GET_Reference​ByTradingCertificateTypes​ByTCGroupCode" time="4.214"><failure type="Cancelling due to failed test step" message="Cancelling due to failed test step"><![CDATA[<h3><b>Reference​ByTradingCertificateTypes​ByTCGroupCode Failed</b></h3><pre>com.microsoft.sqlserver.jdbc.SQLServerException: Cannot open server 'tradingcertificate-db-server' requested by the login. Client with IP address '103.221.74.188' is not allowed to access the server.  To enable access, use the Windows Azure Management Portal or run sp_set_firewall_rule on the master database to create a firewall rule for this IP address or address range.  It may take up to five minutes for this change to take effect. ClientConnectionId:6c61a91b-acb7-4a7b-97b8-542748e532d2
error at line: 90
</pre><hr/>]]></failure></testcase><testcase name="TC_GET_RiskSelectionTradingCertificatesByRiskReference" time="8.267"><failure type="Cancelling due to failed test step" message="Cancelling due to failed test step"><![CDATA[<h3><b>RiskSelectionTradingCertificatesByRiskReference Failed</b></h3><pre>com.microsoft.sqlserver.jdbc.SQLServerException: Cannot open server 'tradingcertificate-db-server' requested by the login. Client with IP address '103.221.74.188' is not allowed to access the server.  To enable access, use the Windows Azure Management Portal or run sp_set_firewall_rule on the master database to create a firewall rule for this IP address or address range.  It may take up to five minutes for this change to take effect. ClientConnectionId:0d0b4f9e-fd14-4fce-b50c-35e8d7a34f6b
error at line: 101
</pre><hr/>]]></failure></testcase><testcase name="TC_GET_SignatoryStatesByStateIdByAddresses" time="3.334"><failure type="Cancelling due to failed test step" message="Cancelling due to failed test step"><![CDATA[<h3><b>SignatoryStatesByStateIdByAddresses Failed</b></h3><pre>com.microsoft.sqlserver.jdbc.SQLServerException: Cannot open server 'tradingcertificate-db-server' requested by the login. Client with IP address '103.221.74.188' is not allowed to access the server.  To enable access, use the Windows Azure Management Portal or run sp_set_firewall_rule on the master database to create a firewall rule for this IP address or address range.  It may take up to five minutes for this change to take effect. ClientConnectionId:91956dcb-0305-4ad0-82d5-5e1af8ed91ca
error at line: 93
</pre><hr/>]]></failure></testcase><testcase name="TC_GET_SignatoryStatesByCertificateTypeIdByStates" time="4.027"><failure type="Cancelling due to failed test step" message="Cancelling due to failed test step"><![CDATA[<h3><b>SignatoryStatesByCertificateTypeIdByStates Failed</b></h3><pre>com.microsoft.sqlserver.jdbc.SQLServerException: Cannot open server 'tradingcertificate-db-server' requested by the login. Client with IP address '103.221.74.188' is not allowed to access the server.  To enable access, use the Windows Azure Management Portal or run sp_set_firewall_rule on the master database to create a firewall rule for this IP address or address range.  It may take up to five minutes for this change to take effect. ClientConnectionId:e4c8ab50-d4e0-490c-8f80-5b87135de403
error at line: 90
</pre><hr/>]]></failure></testcase><testcase name="TC_GET_TradingCertificatePacksByPackId" time="9.041"><failure type="Cancelling due to failed test step" message="Cancelling due to failed test step"><![CDATA[<h3><b>GET_TradingCertificatePacksByPacksId Failed</b></h3><pre>com.microsoft.sqlserver.jdbc.SQLServerException: Cannot open server 'tradingcertificate-db-server' requested by the login. Client with IP address '103.221.74.188' is not allowed to access the server.  To enable access, use the Windows Azure Management Portal or run sp_set_firewall_rule on the master database to create a firewall rule for this IP address or address range.  It may take up to five minutes for this change to take effect. ClientConnectionId:59cbccfc-ffa6-4889-8ec8-fcbad64936ad
error at line: 101
</pre><hr/>]]></failure></testcase><testcase name="TC_GET_TradingCertificateByTradingCertificateId" time="7.543"><failure type="Cancelling due to failed test step" message="Cancelling due to failed test step"><![CDATA[<h3><b>TradingCertificateByTradingCertificateId Failed</b></h3><pre>com.microsoft.sqlserver.jdbc.SQLServerException: Cannot open server 'tradingcertificate-db-server' requested by the login. Client with IP address '103.221.74.188' is not allowed to access the server.  To enable access, use the Windows Azure Management Portal or run sp_set_firewall_rule on the master database to create a firewall rule for this IP address or address range.  It may take up to five minutes for this change to take effect. ClientConnectionId:e26388a6-9e5e-4f5f-b474-b461ca11e2c0
error at line: 101
</pre><hr/>]]></failure></testcase><testcase name="TC_GET_TradingCertificateByTradingCertificateIdByValidate" time="8.88"><failure type="Cancelling due to failed test step" message="Cancelling due to failed test step"><![CDATA[<h3><b>TradingCertificateByTradingCertificateIdByValidate Failed</b></h3><pre>com.microsoft.sqlserver.jdbc.SQLServerException: Cannot open server 'tradingcertificate-db-server' requested by the login. Client with IP address '103.221.74.188' is not allowed to access the server.  To enable access, use the Windows Azure Management Portal or run sp_set_firewall_rule on the master database to create a firewall rule for this IP address or address range.  It may take up to five minutes for this change to take effect. ClientConnectionId:18a12f96-7a92-40ce-b0b2-bf74ce4ed7b5
error at line: 96
</pre><hr/>]]></failure></testcase><testcase name="TC_PATCH_ TradingCertificates" time="12.113"><failure type="Cancelling due to failed test step" message="Cancelling due to failed test step"><![CDATA[<h3><b>PATCH_TradingCertificate Failed</b></h3><pre>com.microsoft.sqlserver.jdbc.SQLServerException: Cannot open server 'tradingcertificate-db-server' requested by the login. Client with IP address '103.221.74.188' is not allowed to access the server.  To enable access, use the Windows Azure Management Portal or run sp_set_firewall_rule on the master database to create a firewall rule for this IP address or address range.  It may take up to five minutes for this change to take effect. ClientConnectionId:826780ea-1341-449b-a828-56ed5d7da4cf
error at line: 94
</pre><hr/>]]></failure></testcase><testcase name="TC_PATCH_Add_TCPackByTCPackId" time="2.88"><failure type="Cancelling due to failed test step" message="Cancelling due to failed test step"><![CDATA[<h3><b>Add_TCPackByTCPackId Failed</b></h3><pre>com.microsoft.sqlserver.jdbc.SQLServerException: Cannot open server 'tradingcertificate-db-server' requested by the login. Client with IP address '103.221.74.188' is not allowed to access the server.  To enable access, use the Windows Azure Management Portal or run sp_set_firewall_rule on the master database to create a firewall rule for this IP address or address range.  It may take up to five minutes for this change to take effect. ClientConnectionId:14b12d41-19b3-49ac-8981-ff32df44d932
error at line: 93
</pre><hr/>]]></failure></testcase><testcase name="TC_PATCH_Remove_TCPackByTCPackId" time="2.406"><failure type="Cancelling due to failed test step" message="Cancelling due to failed test step"><![CDATA[<h3><b>Remove_TCPackByTCPackId Failed</b></h3><pre>com.microsoft.sqlserver.jdbc.SQLServerException: Cannot open server 'tradingcertificate-db-server' requested by the login. Client with IP address '103.221.74.188' is not allowed to access the server.  To enable access, use the Windows Azure Management Portal or run sp_set_firewall_rule on the master database to create a firewall rule for this IP address or address range.  It may take up to five minutes for this change to take effect. ClientConnectionId:2d3b937e-7638-402d-88b1-30810665367e
error at line: 93
</pre><hr/>]]></failure></testcase><testcase name="TC_POST_TradingCertificateByTradingCertificateIDByGenerateDraftDocument" time="5.697"><failure type="Cancelling due to failed test step" message="Cancelling due to failed test step"><![CDATA[<h3><b>TradingCertificateByTradingCertificateIDByGenerateDraftDocument Failed</b></h3><pre>com.microsoft.sqlserver.jdbc.SQLServerException: Cannot open server 'tradingcertificate-db-server' requested by the login. Client with IP address '103.221.74.188' is not allowed to access the server.  To enable access, use the Windows Azure Management Portal or run sp_set_firewall_rule on the master database to create a firewall rule for this IP address or address range.  It may take up to five minutes for this change to take effect. ClientConnectionId:8f4aa6f6-7e6d-4be6-9f82-985945b38124
error at line: 101
</pre><hr/>]]></failure></testcase><testcase name="TC_POST_TradingCertificatePackByTradingCertificatePackIdByIssueDocuments" time="7.536"><failure type="Cancelling due to failed test step" message="Cancelling due to failed test step"><![CDATA[<h3><b>POST_TradingCertificatePackByTradingCertificatePackIdByIssueDocuments Failed</b></h3><pre>com.microsoft.sqlserver.jdbc.SQLServerException: Cannot open server 'tradingcertificate-db-server' requested by the login. Client with IP address '103.221.74.188' is not allowed to access the server.  To enable access, use the Windows Azure Management Portal or run sp_set_firewall_rule on the master database to create a firewall rule for this IP address or address range.  It may take up to five minutes for this change to take effect. ClientConnectionId:6be83ba1-09d2-4037-bcae-c4549ecfe899
error at line: 101
</pre><hr/>]]></failure></testcase><testcase name="TC_POST_TradingCertificatePackByTradingCertificatePackIdByGenerateDraftDocument" time="6.828"><failure type="Cancelling due to failed test step" message="Cancelling due to failed test step"><![CDATA[<h3><b>TradCertPackByTradCertPackIDByGenDraftDoc Failed</b></h3><pre>com.microsoft.sqlserver.jdbc.SQLServerException: Cannot open server 'tradingcertificate-db-server' requested by the login. Client with IP address '103.221.74.188' is not allowed to access the server.  To enable access, use the Windows Azure Management Portal or run sp_set_firewall_rule on the master database to create a firewall rule for this IP address or address range.  It may take up to five minutes for this change to take effect. ClientConnectionId:a423dd0f-3c67-4281-9f1a-bf0b78e89594
error at line: 102
</pre><hr/>]]></failure></testcase><testcase name="TC_POST_TradingcertificatePacks" time="2.227"><failure type="Cancelling due to failed test step" message="Cancelling due to failed test step"><![CDATA[<h3><b>Groovy Script Failed</b></h3><pre>com.microsoft.sqlserver.jdbc.SQLServerException: Cannot open server 'tradingcertificate-db-server' requested by the login. Client with IP address '103.221.74.188' is not allowed to access the server.  To enable access, use the Windows Azure Management Portal or run sp_set_firewall_rule on the master database to create a firewall rule for this IP address or address range.  It may take up to five minutes for this change to take effect. ClientConnectionId:93ab7342-4243-44aa-ba33-9f85daa8a3b1
error at line: 94
</pre><hr/>]]></failure></testcase><testcase name="TC_POST_TradingCertificatePacksByTradingCertificatePacksIdByValidate" time="9.215"><failure type="Cancelling due to failed test step" message="Cancelling due to failed test step"><![CDATA[<h3><b>TradingCertificatePacksByTradingCertificatePackIdByValidate Failed</b></h3><pre>com.microsoft.sqlserver.jdbc.SQLServerException: Cannot open server 'tradingcertificate-db-server' requested by the login. Client with IP address '103.221.74.188' is not allowed to access the server.  To enable access, use the Windows Azure Management Portal or run sp_set_firewall_rule on the master database to create a firewall rule for this IP address or address range.  It may take up to five minutes for this change to take effect. ClientConnectionId:76b94496-649a-4a15-9dfa-b7d4ce17686b
error at line: 98
</pre><hr/>]]></failure></testcase><testcase name="TC_POST_TradingCertificateSave" time="8.671"><failure type="Cancelling due to failed test step" message="Cancelling due to failed test step"><![CDATA[<h3><b>POST_TradingCertificateSave Failed</b></h3><pre>com.microsoft.sqlserver.jdbc.SQLServerException: Cannot open server 'tradingcertificate-db-server' requested by the login. Client with IP address '103.221.74.188' is not allowed to access the server.  To enable access, use the Windows Azure Management Portal or run sp_set_firewall_rule on the master database to create a firewall rule for this IP address or address range.  It may take up to five minutes for this change to take effect. ClientConnectionId:2776c86e-ffba-4d1d-a5e0-7094324b4626
error at line: 94
</pre><hr/>]]></failure></testcase><testcase name="TC_POST_ReferenceByTradingCertificateTypesByInvalidCertificate" time="2.61"><failure type="Cancelling due to failed test step" message="Cancelling due to failed test step"><![CDATA[<h3><b>POST_ReferenceByTradingCertificateByInvalidCertificates Failed</b></h3><pre>com.microsoft.sqlserver.jdbc.SQLServerException: Cannot open server 'tradingcertificate-db-server' requested by the login. Client with IP address '103.221.74.188' is not allowed to access the server.  To enable access, use the Windows Azure Management Portal or run sp_set_firewall_rule on the master database to create a firewall rule for this IP address or address range.  It may take up to five minutes for this change to take effect. ClientConnectionId:15344160-63bd-4b3f-b6dc-f7db446b8b05
error at line: 109
</pre><hr/>]]></failure></testcase></testsuite>