Status: FAILED
Time Taken: 2345
Size: 0
Timestamp: Thu Sep 09 18:39:02 IST 2021
TestStep: Groovy Script
Error:java.lang.IllegalArgumentException: Text must not be null

----------------- Messages ------------------------------
java.lang.IllegalArgumentException: Text must not be null
error at line: 121
