Status: FAILED
Time Taken: 1470
Size: 0
Timestamp: Wed Feb 24 16:10:36 IST 2021
TestStep: RisksByApplicationRiskId
Error:java.io.FileNotFoundException: C:\APITesting\UTOM_API_JWT_TOKEN\Config\Token.properties (The system cannot find the file specified)

----------------- Messages ------------------------------
java.io.FileNotFoundException: C:\APITesting\UTOM_API_JWT_TOKEN\Config\Token.properties (The system cannot find the file specified)
error at line: 29
