Status: FAILED
Time Taken: 1237
Size: 0
Timestamp: Wed Feb 24 16:09:54 IST 2021
TestStep: PatchApplicationByApplicationIdByDocumentByDocumentId
Error:java.io.FileNotFoundException: C:\APITesting\UTOM_API_JWT_TOKEN\Config\Token.properties (The system cannot find the file specified)

----------------- Messages ------------------------------
java.io.FileNotFoundException: C:\APITesting\UTOM_API_JWT_TOKEN\Config\Token.properties (The system cannot find the file specified)
error at line: 30
