<?xml version="1.0" encoding="UTF-8"?>
<testsuite name="UTOM_API_JWT_TOKEN.TestSuite" tests="25" failures="1" errors="0" time="3862.861"><properties>
[...]
</properties><testcase name="TC_ApplicationByApplicationIdByAssociatedParties" time="93.983"/><testcase name="TC_ApplicationByApplicationIdByBrokers" time="87.453"/><testcase name="TC_ApplicationByApplicationIdByDocuments" time="87.75"/><testcase name="TC_ApplicationByApplicaitonIdByJointAssureds" time="103.195"/><testcase name="TC_ApplicationByApplicationIdByMembers" time="73.088"/><testcase name="TC_ApplicationByApplicationIdByRisks" time="1530.107"/><testcase name="TC_ApplicationByApplicationIdByTransactionsByTransactionIdbyDocuments" time="87.317"/><testcase name="TC_ApplicationByApplicationIdByTransactions" time="39.635"/><testcase name="TC_ApplicationByApplicationIdByDocumentsByDocumentId" time="53.798"/><testcase name="TC_ApplicationByApplicationIdByTransactionsByTransactionId" time="56.445"/><testcase name="TC_ApplicationByApplicationId" time="79.962"><failure type="Cancelling due to failed test step" message="Cancelling due to failed test step"><![CDATA[<h3><b>ApplicationByApplicationId Failed</b></h3><pre>com.microsoft.sqlserver.jdbc.SQLServerException: Connection reset
error at line: 96
</pre><hr/>]]></failure></testcase><testcase name="TC_ApplicationsByApplicationReference" time="167.814"/><testcase name="TC_BrokerByBrokerIdByContactsByContactId" time="51.112"/><testcase name="TC_BrokerByBrokerIdByContacts" time="51.659"/><testcase name="TC_BrokerByBrokerId" time="78.597"/><testcase name="TC_BrokersByBrokersReference" time="42.042"/><testcase name="TC_MemberByMemberIdByRisks" time="365.886"/><testcase name="TC_MembersByMemberId" time="24.44"/><testcase name="TC_MembersByMemberReference" time="43.965"/><testcase name="TC_ReferenceByCountries" time="345.446"/><testcase name="TC_ReferenceByDocumentStatuses" time="7.209"/><testcase name="TC_ReferenceByDocumentTypes" time="17.035"/><testcase name="TC_ReferenceRiskSubTypes" time="7.321"/><testcase name="TC_RiskWithMultipleParameters" time="304.926"/><testcase name="TC_RisksByApplicationRiskId" time="62.676"/></testsuite>