<?xml version="1.0" encoding="UTF-8"?>
<testsuite name="UTOM_API_JWT_TOKEN.TS" tests="26" failures="1" errors="0" time="2557.25"><properties>
[...]
</properties><testcase name="Driver_Script" time="3.312"/><testcase name="TC_ApplicationByApplicationId" time="255.505"/><testcase name="TC_ApplicationByApplicationIdByBrokers" time="13.672"/><testcase name="TC_ApplicationByApplicationIdByMembers" time="22.227"/><testcase name="TC_PatchApplicationByApplicationIdByDocumentByDocumentId" time="26.455"/><testcase name="TC_ApplicationByApplicationIdByTransactions" time="71.444"/><testcase name="TC_ApplicationByApplicationIdByTransactionsByTransactionId" time="83.032"/><testcase name="TC_ApplicationByApplicationIdByTransactionsByTransactionIdbyDocuments" time="50.133"/><testcase name="TC_ApplicationByApplicaitonIdByJointAssureds" time="75.471"/><testcase name="TC_ApplicationByApplicationIdByAssociatedParties" time="104.493"/><testcase name="TC_BrokerByBrokerId" time="115.535"/><testcase name="TC_BrokersByBrokersReference" time="123.149"/><testcase name="TC_BrokerByBrokerIdByContacts" time="118.456"/><testcase name="TC_BrokerByBrokerIdByContactsByContactId" time="125.989"/><testcase name="TC_MembersByMemberId" time="139.989"/><testcase name="TC_MembersByMemberReference" time="154.625"/><testcase name="TC_ReferenceByCountries" time="122.008"/><testcase name="TC_ReferenceByDocumentStatuses" time="8.696"/><testcase name="TC_ReferenceByDocumentTypes" time="13.952"/><testcase name="TC_ReferenceRiskSubTypes" time="8.969"/><testcase name="TC_RiskSelectionByRiskDetailByApplicationRiskId" time="28.997"/><testcase name="TC_ConfigureByOwnerMemberByRiskByApplicationRiskId" time="10.061"/><testcase name="TC_RisksByApplicationRiskId" time="642.882"/><testcase name="TC_ApplicationByApplicationIdByDocumentsByDocumentId" time="150.588"/><testcase name="TC_RiskWithMultipleParameters_FilterTypeVesselNameAndRiskTypeVesselExcludeVesselFalse" time="78.733"/><testcase name="TC_RiskWithMultipleParameters_FilterTypeVesselNameAndRiskTypeVesselExcludeVesselTrue" time="8.877"><failure type="Cancelling due to failed test step" message="Cancelling due to failed test step"><![CDATA[<h3><b>Groovy_FilterTypeVesselNameAndRiskTypeVesselAndExcludeVesslTrue Failed</b></h3><pre>java.lang.IllegalArgumentException: The workbook already contains a sheet of this name
error at line: 82
</pre><hr/>]]></failure></testcase></testsuite>