Status: FAILED
Time Taken: 1163
Size: 0
Timestamp: Wed Feb 24 16:09:51 IST 2021
TestStep: MemberByMemberIdByRisks
Error:java.io.FileNotFoundException: C:\APITesting\UTOM_API_JWT_TOKEN\Config\Token.properties (The system cannot find the file specified)

----------------- Messages ------------------------------
java.io.FileNotFoundException: C:\APITesting\UTOM_API_JWT_TOKEN\Config\Token.properties (The system cannot find the file specified)
error at line: 29
