Status: FAILED
Time Taken: 445
Size: 0
Timestamp: Wed Feb 24 16:09:55 IST 2021
TestStep: ReferenceByCountries
Error:java.io.FileNotFoundException: C:\APITesting\UTOM_API_JWT_TOKEN\Config\Token.properties (The system cannot find the file specified)

----------------- Messages ------------------------------
java.io.FileNotFoundException: C:\APITesting\UTOM_API_JWT_TOKEN\Config\Token.properties (The system cannot find the file specified)
error at line: 29
