Status: FAILED
Time Taken: 1215
Size: 0
Timestamp: Wed Feb 24 16:09:43 IST 2021
TestStep: BrokerByBrokerId
Error:java.io.FileNotFoundException: C:\APITesting\UTOM_API_JWT_TOKEN\Config\Token.properties (The system cannot find the file specified)

----------------- Messages ------------------------------
java.io.FileNotFoundException: C:\APITesting\UTOM_API_JWT_TOKEN\Config\Token.properties (The system cannot find the file specified)
error at line: 29
