Status: FAILED
Time Taken: 745
Size: 0
Timestamp: Wed Feb 24 16:09:35 IST 2021
TestStep: ApplicationByApplicationIdByTransactions
Error:java.io.FileNotFoundException: C:\APITesting\UTOM_API_JWT_TOKEN\Config\Token.properties (The system cannot find the file specified)

----------------- Messages ------------------------------
java.io.FileNotFoundException: C:\APITesting\UTOM_API_JWT_TOKEN\Config\Token.properties (The system cannot find the file specified)
error at line: 28
