Status: FAILED
Time Taken: 6369
Size: 0
Timestamp: Tue Aug 31 12:02:46 IST 2021
TestStep: ApplicationByApplicationIdByBroker
Error:groovy.lang.MissingPropertyException: No such property: ApplicationId for class: Script1

----------------- Messages ------------------------------
groovy.lang.MissingPropertyException: No such property: ApplicationId for class: Script1
error at line: 129
